2021-06-11 13:46:28,814 ::1 POST /browser/perfData 404 /browser/perfData http://localhost:7000/myCJ.html
2021-06-11 18:02:22,447 ::1 POST /browser/perfData 404 /browser/perfData http://localhost:7000/myCJ.html
2021-06-16 19:08:30,206 ::1 POST /browser/perfData 404 /browser/perfData http://localhost:7000/myCJ.html
2021-06-16 19:14:58,226 ::1 POST /browser/perfData 404 /browser/perfData http://localhost:7000/myCJ.html
2021-06-16 19:23:02,576 192.168.3.17 POST /browser/perfData 404 /browser/perfData http://192.168.4.128:7000/myCJ.html
2021-06-16 21:01:53,381 ::1 POST /browser/perfData 404 /browser/perfData http://localhost:7000/myCJ.html
2021-06-17 18:07:24,453 ::1 POST /browser/perfData 404 /browser/perfData http://localhost:7000/myCJ.html
2021-06-17 21:25:01,289 ::1 POST /browser/perfData 404 /browser/perfData http://localhost:7000/myCJ.html
2021-06-17 22:21:15,512 ::1 POST /browser/perfData 404 /browser/perfData http://localhost:7000/myCJ.html
2021-06-17 23:10:43,447 ::1 POST /browser/perfData 404 /browser/perfData http://localhost:7000/myCJ.html
2021-06-19 19:58:11,510 ::1 POST /browser/perfData 404 /browser/perfData http://localhost:7000/myCJ.html
2021-06-21 11:51:13,494 ::1 POST /browser/perfData 404 /browser/perfData http://localhost:7000/myCJ.html
2021-06-21 18:38:57,839 ::1 POST /browser/perfData 404 /browser/perfData http://localhost:7000/myCJ.html
2021-06-22 09:45:04,824 ::1 GET /newmycj/dropshipping/orderManage?active=2 404 /newmycj/dropshipping/orderManage?active=2 http://localhost:7000/myCJ.html
2021-06-22 09:45:12,483 ::1 GET /newmycj/marketing/coupons 404 /newmycj/marketing/coupons http://localhost:7000/myCJ.html
2021-06-22 16:23:57,360 ::1 GET /newmycj/marketing/coupons 404 /newmycj/marketing/coupons http://localhost:7000/myCJ.html
2021-06-22 18:54:59,790 ::1 POST /browser/perfData 404 /browser/perfData http://localhost:7000/myCJ.html
2021-06-24 15:03:40,318 ::1 POST /browser/perfData 404 /browser/perfData http://localhost:7000/myCJ.html
2021-06-24 15:32:07,040 ::1 POST /browser/perfData 404 /browser/perfData http://localhost:7000/myCJ.html
2021-06-24 17:42:39,063 ::1 GET /newmycj/marketing/coupons 404 /newmycj/marketing/coupons http://localhost:7000/myCJ.html
2021-06-25 20:41:59,167 ::1 POST /browser/perfData 404 /browser/perfData http://localhost:7000/myCJ.html
2021-06-26 16:23:19,609 undefined GET /_blank 404 /_blank http://localhost:7000/myCJ.html
2021-06-26 16:24:36,072 undefined GET /_blank 404 /_blank http://localhost:7000/myCJ.html
2021-06-26 19:39:44,166 ::1 POST /browser/perfData 404 /browser/perfData http://localhost:7000/myCJ.html
2021-06-26 20:38:57,376 ::1 POST /browser/perfData 404 /browser/perfData http://localhost:7000/myCJ.html
2021-06-28 13:38:57,203 ::1 POST /browser/perfData 404 /browser/perfData http://localhost:7000/myCJ.html
2021-06-29 10:16:39,861 ::1 POST /browser/perfData 404 /browser/perfData http://localhost:7000/myCJ.html
2021-06-29 16:59:09,589 ::1 POST /browser/perfData 404 /browser/perfData http://localhost:7000/myCJ.html
2021-06-29 17:06:09,203 ::1 POST /browser/perfData 404 /browser/perfData http://localhost:7000/myCJ.html
2021-06-29 18:24:29,461 ::1 POST /browser/perfData 404 /browser/perfData http://localhost:7000/myCJ.html
2021-06-29 21:49:38,687 undefined GET /_blank 404 /_blank http://localhost:7000/myCJ.html
2021-06-30 11:03:36,526 ::1 POST /browser/perfData 404 /browser/perfData http://localhost:7000/myCJ.html
2021-06-30 11:55:49,691 ::1 POST /browser/perfData 404 /browser/perfData http://localhost:7000/myCJ.html
2021-06-30 15:56:38,593 ::1 GET /newmycj/marketing/coupons 404 /newmycj/marketing/coupons http://localhost:7000/myCJ.html
2021-06-30 15:57:15,728 ::1 GET /newmycj/dropshipping/orderManage?active=2 404 /newmycj/dropshipping/orderManage?active=2 http://localhost:7000/myCJ.html
2021-06-30 15:57:18,326 ::1 GET /newmycj/dropshipping/orderManage?active=3 404 /newmycj/dropshipping/orderManage?active=3 http://localhost:7000/myCJ.html
2021-06-30 17:14:19,192 ::1 POST /browser/perfData 404 /browser/perfData http://localhost:7000/myCJ.html
2021-06-30 19:46:36,531 ::1 POST /browser/perfData 404 /browser/perfData http://localhost:7000/myCJ.html
2021-06-30 20:11:52,097 ::1 POST /browser/perfData 404 /browser/perfData http://localhost:7000/myCJ.html
2021-06-30 20:15:51,997 undefined GET /_blank 404 /_blank http://localhost:7000/myCJ.html
2021-06-30 20:17:02,445 undefined GET /_blank 404 /_blank http://localhost:7000/myCJ.html
2021-06-30 20:17:29,132 ::1 POST /browser/perfData 404 /browser/perfData http://localhost:7000/myCJ.html
2021-06-30 20:56:55,770 ::1 POST /browser/perfData 404 /browser/perfData http://localhost:7000/myCJ.html
2021-07-01 11:02:56,441 ::1 POST /browser/perfData 404 /browser/perfData http://localhost:7000/myCJ.html
2021-07-01 12:27:29,513 undefined GET /_blank 404 /_blank http://localhost:7000/myCJ.html
2021-07-01 12:29:53,916 ::1 GET /newmycj/dropshipping/orderManage?active=2 404 /newmycj/dropshipping/orderManage?active=2 http://localhost:7000/myCJ.html
2021-07-01 12:29:56,786 ::1 GET /newmycj/marketing/coupons 404 /newmycj/marketing/coupons http://localhost:7000/myCJ.html
2021-07-01 12:31:05,456 ::1 GET /newmycj/dropshipping/orderManage?active=2 404 /newmycj/dropshipping/orderManage?active=2 http://localhost:7000/myCJ.html
2021-07-01 12:31:08,809 ::1 GET /newmycj/dropshipping/orderManage?active=3 404 /newmycj/dropshipping/orderManage?active=3 http://localhost:7000/myCJ.html
2021-07-01 12:31:59,447 undefined GET /_blank 404 /_blank http://localhost:7000/myCJ.html
2021-07-01 13:57:09,903 ::1 POST /browser/perfData 404 /browser/perfData http://localhost:7000/myCJ.html
2021-07-01 16:15:22,278 undefined GET /_blank 404 /_blank http://localhost:7000/myCJ.html
2021-07-01 16:23:05,267 ::1 POST /browser/perfData 404 /browser/perfData http://localhost:7000/myCJ.html
2021-07-01 19:12:54,712 ::1 POST /browser/perfData 404 /browser/perfData http://localhost:7000/myCJ.html
2021-07-01 19:40:29,603 ::1 POST /browser/perfData 404 /browser/perfData http://localhost:7000/myCJ.html
2021-07-03 13:00:51,770 undefined GET /_blank 404 /_blank http://localhost:7000/myCJ.html
2021-07-03 14:08:22,918 ::1 POST /browser/perfData 404 /browser/perfData http://localhost:7000/myCJ.html
2021-07-03 17:17:33,456 ::1 POST /browser/perfData 404 /browser/perfData http://localhost:7000/myCJ.html
2021-07-03 19:36:00,187 ::1 POST /browser/perfData 404 /browser/perfData http://localhost:7000/myCJ.html
2021-07-06 21:11:23,445 ::1 GET /early-warning-server/earlyWarning/getWarningSKUNum 404 /early-warning-server/earlyWarning/getWarningSKUNum http://localhost:7000/myCJ.html
2021-07-06 21:11:23,448 ::1 GET /platform-shop/authorize/shopAuthReminder 404 /platform-shop/authorize/shopAuthReminder http://localhost:7000/myCJ.html
2021-07-07 10:25:45,432 ::1 GET /platform-shop/authorize/shopAuthReminder 404 /platform-shop/authorize/shopAuthReminder http://localhost:7000/myCJ.html
2021-07-07 10:25:45,457 ::1 GET /early-warning-server/earlyWarning/getWarningSKUNum 404 /early-warning-server/earlyWarning/getWarningSKUNum http://localhost:7000/myCJ.html
2021-07-08 15:12:34,925 ::1 POST /browser/perfData 404 /browser/perfData http://localhost:7000/myCJ.html
2021-07-09 15:37:28,319 undefined GET /_blank 404 /_blank http://localhost:7000/myCJ.html
2021-07-09 15:57:55,742 ::1 POST /browser/perfData 404 /browser/perfData http://localhost:7000/myCJ.html
2021-07-09 18:20:32,235 undefined GET /_blank 404 /_blank http://localhost:7000/myCJ.html
2021-07-09 18:22:16,264 ::1 POST /browser/perfData 404 /browser/perfData http://localhost:7000/myCJ.html
2021-07-11 19:10:46,665 ::1 POST /browser/perfData 404 /browser/perfData http://localhost:7000/myCJ.html
2021-07-11 19:27:46,136 undefined GET /_blank 404 /_blank http://localhost:7000/myCJ.html
2021-07-11 20:18:05,228 ::1 POST /browser/perfData 404 /browser/perfData http://localhost:7000/myCJ.html
2021-07-11 20:47:23,245 ::1 POST /browser/perfData 404 /browser/perfData http://localhost:7000/myCJ.html
2021-07-13 21:07:38,421 ::1 GET /early-warning-web/earlyWarning/getWarningSKUNum 404 /early-warning-web/earlyWarning/getWarningSKUNum http://localhost:7000/myCJ.html
2021-07-13 21:10:03,081 ::1 GET /early-warning-web/earlyWarning/getWarningSKUNum 404 /early-warning-web/earlyWarning/getWarningSKUNum http://localhost:7000/myCJ.html
2021-07-13 21:10:21,694 ::1 GET /early-warning-web/warningSetting/getWarningSetting 404 /early-warning-web/warningSetting/getWarningSetting http://localhost:7000/myCJ.html
